[ 2017-05-12T14:39:58+08:00 ] 127.0.0.1 /hdd/undefined
INFO: [ app_init ] --START--
INFO: Run Behavior\BuildLiteBehavior [ RunTime:0.000015s ]
INFO: [ app_init ] --END-- [ RunTime:0.000511s ]
ERR: 无法加载模块:Undefined

[ 2017-05-12T14:41:18+08:00 ] 127.0.0.1 /hdd/undefined
INFO: [ app_init ] --START--
INFO: Run Behavior\BuildLiteBehavior [ RunTime:0.000013s ]
INFO: [ app_init ] --END-- [ RunTime:0.000307s ]
ERR: 无法加载模块:Undefined

[ 2017-05-12T14:45:42+08:00 ] 127.0.0.1 /hdd/undefined
INFO: [ app_init ] --START--
INFO: Run Behavior\BuildLiteBehavior [ RunTime:0.000011s ]
INFO: [ app_init ] --END-- [ RunTime:0.000309s ]
ERR: 无法加载模块:Undefined

[ 2017-05-12T14:45:52+08:00 ] 127.0.0.1 /hdd/undefined
INFO: [ app_init ] --START--
INFO: Run Behavior\BuildLiteBehavior [ RunTime:0.000011s ]
INFO: [ app_init ] --END-- [ RunTime:0.000267s ]
ERR: 无法加载模块:Undefined

[ 2017-05-12T14:46:46+08:00 ] 127.0.0.1 /hdd/undefined
INFO: [ app_init ] --START--
INFO: Run Behavior\BuildLiteBehavior [ RunTime:0.000015s ]
INFO: [ app_init ] --END-- [ RunTime:0.000312s ]
ERR: 无法加载模块:Undefined

[ 2017-05-12T14:46:59+08:00 ] 127.0.0.1 /hdd/undefined
INFO: [ app_init ] --START--
INFO: Run Behavior\BuildLiteBehavior [ RunTime:0.000015s ]
INFO: [ app_init ] --END-- [ RunTime:0.000287s ]
ERR: 无法加载模块:Undefined

[ 2017-05-12T14:47:43+08:00 ] 127.0.0.1 /hdd/undefined
INFO: [ app_init ] --START--
INFO: Run Behavior\BuildLiteBehavior [ RunTime:0.000018s ]
INFO: [ app_init ] --END-- [ RunTime:0.000391s ]
ERR: 无法加载模块:Undefined

[ 2017-05-12T15:00:31+08:00 ] 127.0.0.1 /hdd/image/calendar.png
INFO: [ app_init ] --START--
INFO: Run Behavior\BuildLiteBehavior [ RunTime:0.000015s ]
INFO: [ app_init ] --END-- [ RunTime:0.000265s ]
ERR: 无法加载模块:Image

[ 2017-05-12T15:06:34+08:00 ] 127.0.0.1 /hdd/undefined
INFO: [ app_init ] --START--
INFO: Run Behavior\BuildLiteBehavior [ RunTime:0.000022s ]
INFO: [ app_init ] --END-- [ RunTime:0.000289s ]
ERR: 无法加载模块:Undefined

[ 2017-05-12T15:16:07+08:00 ] 127.0.0.1 /hdd/css/weui.min.css
INFO: [ app_init ] --START--
INFO: Run Behavior\BuildLiteBehavior [ RunTime:0.000012s ]
INFO: [ app_init ] --END-- [ RunTime:0.000259s ]
ERR: 无法加载模块:Css

[ 2017-05-12T15:16:07+08:00 ] 127.0.0.1 /hdd/css/ACT.css
INFO: [ app_init ] --START--
INFO: Run Behavior\BuildLiteBehavior [ RunTime:0.000010s ]
INFO: [ app_init ] --END-- [ RunTime:0.000264s ]
ERR: 无法加载模块:Css

[ 2017-05-12T15:16:07+08:00 ] 127.0.0.1 /hdd/js/ACT.js
INFO: [ app_init ] --START--
INFO: Run Behavior\BuildLiteBehavior [ RunTime:0.000011s ]
INFO: [ app_init ] --END-- [ RunTime:0.000234s ]
ERR: 无法加载模块:Js

[ 2017-05-12T15:16:07+08:00 ] 127.0.0.1 /hdd/image/background.jpg
INFO: [ app_init ] --START--
INFO: Run Behavior\BuildLiteBehavior [ RunTime:0.000011s ]
INFO: [ app_init ] --END-- [ RunTime:0.000236s ]
ERR: 无法加载模块:Image

[ 2017-05-12T15:16:07+08:00 ] 127.0.0.1 /hdd/image/class.png
INFO: [ app_init ] --START--
INFO: Run Behavior\BuildLiteBehavior [ RunTime:0.000027s ]
INFO: [ app_init ] --END-- [ RunTime:0.000254s ]
ERR: 无法加载模块:Image

[ 2017-05-12T15:16:07+08:00 ] 127.0.0.1 /hdd/image/location.png
INFO: [ app_init ] --START--
INFO: Run Behavior\BuildLiteBehavior [ RunTime:0.000011s ]
INFO: [ app_init ] --END-- [ RunTime:0.000231s ]
ERR: 无法加载模块:Image

[ 2017-05-12T15:16:07+08:00 ] 127.0.0.1 /hdd/image/calendar.png
INFO: [ app_init ] --START--
INFO: Run Behavior\BuildLiteBehavior [ RunTime:0.000011s ]
INFO: [ app_init ] --END-- [ RunTime:0.000263s ]
ERR: 无法加载模块:Image

[ 2017-05-12T15:16:07+08:00 ] 127.0.0.1 /hdd/image/teacher.png
INFO: [ app_init ] --START--
INFO: Run Behavior\BuildLiteBehavior [ RunTime:0.000012s ]
INFO: [ app_init ] --END-- [ RunTime:0.000243s ]
ERR: 无法加载模块:Image

[ 2017-05-12T15:16:07+08:00 ] 127.0.0.1 /hdd/image/time.png
INFO: [ app_init ] --START--
INFO: Run Behavior\BuildLiteBehavior [ RunTime:0.000010s ]
INFO: [ app_init ] --END-- [ RunTime:0.000233s ]
ERR: 无法加载模块:Image

[ 2017-05-12T15:16:07+08:00 ] 127.0.0.1 /hdd/image/delete.png
INFO: [ app_init ] --START--
INFO: Run Behavior\BuildLiteBehavior [ RunTime:0.000010s ]
INFO: [ app_init ] --END-- [ RunTime:0.000235s ]
ERR: 无法加载模块:Image

[ 2017-05-12T15:16:55+08:00 ] 127.0.0.1 /hdd/css/ACT.css
INFO: [ app_init ] --START--
INFO: Run Behavior\BuildLiteBehavior [ RunTime:0.000011s ]
INFO: [ app_init ] --END-- [ RunTime:0.000225s ]
ERR: 无法加载模块:Css

[ 2017-05-12T15:16:55+08:00 ] 127.0.0.1 /hdd/css/weui.min.css
INFO: [ app_init ] --START--
INFO: Run Behavior\BuildLiteBehavior [ RunTime:0.000015s ]
INFO: [ app_init ] --END-- [ RunTime:0.000288s ]
ERR: 无法加载模块:Css

[ 2017-05-12T15:17:04+08:00 ] 127.0.0.1 /hdd/css/ACT.css
INFO: [ app_init ] --START--
INFO: Run Behavior\BuildLiteBehavior [ RunTime:0.000010s ]
INFO: [ app_init ] --END-- [ RunTime:0.000230s ]
ERR: 无法加载模块:Css

[ 2017-05-12T15:17:04+08:00 ] 127.0.0.1 /hdd/css/weui.min.css
INFO: [ app_init ] --START--
INFO: Run Behavior\BuildLiteBehavior [ RunTime:0.000011s ]
INFO: [ app_init ] --END-- [ RunTime:0.000256s ]
ERR: 无法加载模块:Css

[ 2017-05-12T15:17:04+08:00 ] 127.0.0.1 /hdd/js/ACT.js
INFO: [ app_init ] --START--
INFO: Run Behavior\BuildLiteBehavior [ RunTime:0.000016s ]
INFO: [ app_init ] --END-- [ RunTime:0.000289s ]
ERR: 无法加载模块:Js

[ 2017-05-12T15:17:04+08:00 ] 127.0.0.1 /hdd/image/teacher.png
INFO: [ app_init ] --START--
INFO: Run Behavior\BuildLiteBehavior [ RunTime:0.000013s ]
INFO: [ app_init ] --END-- [ RunTime:0.000252s ]
ERR: 无法加载模块:Image

[ 2017-05-12T15:17:04+08:00 ] 127.0.0.1 /hdd/image/time.png
INFO: [ app_init ] --START--
INFO: Run Behavior\BuildLiteBehavior [ RunTime:0.000012s ]
INFO: [ app_init ] --END-- [ RunTime:0.000266s ]
ERR: 无法加载模块:Image

[ 2017-05-12T15:17:04+08:00 ] 127.0.0.1 /hdd/image/delete.png
INFO: [ app_init ] --START--
INFO: Run Behavior\BuildLiteBehavior [ RunTime:0.000011s ]
INFO: [ app_init ] --END-- [ RunTime:0.009273s ]
ERR: 无法加载模块:Image

[ 2017-05-12T15:17:04+08:00 ] 127.0.0.1 /hdd/image/class.png
INFO: [ app_init ] --START--
INFO: Run Behavior\BuildLiteBehavior [ RunTime:0.000013s ]
INFO: [ app_init ] --END-- [ RunTime:0.008476s ]
ERR: 无法加载模块:Image

[ 2017-05-12T15:17:04+08:00 ] 127.0.0.1 /hdd/image/background.jpg
INFO: [ app_init ] --START--
INFO: Run Behavior\BuildLiteBehavior [ RunTime:0.000011s ]
INFO: [ app_init ] --END-- [ RunTime:0.000251s ]
ERR: 无法加载模块:Image

[ 2017-05-12T15:17:04+08:00 ] 127.0.0.1 /hdd/image/calendar.png
INFO: [ app_init ] --START--
INFO: Run Behavior\BuildLiteBehavior [ RunTime:0.000012s ]
INFO: [ app_init ] --END-- [ RunTime:0.000244s ]
ERR: 无法加载模块:Image

[ 2017-05-12T15:17:04+08:00 ] 127.0.0.1 /hdd/image/location.png
INFO: [ app_init ] --START--
INFO: Run Behavior\BuildLiteBehavior [ RunTime:0.000011s ]
INFO: [ app_init ] --END-- [ RunTime:0.000231s ]
ERR: 无法加载模块:Image

[ 2017-05-12T15:19:56+08:00 ] 127.0.0.1 /hdd/css/weui.min.css
INFO: [ app_init ] --START--
INFO: Run Behavior\BuildLiteBehavior [ RunTime:0.000013s ]
INFO: [ app_init ] --END-- [ RunTime:0.000266s ]
ERR: 无法加载模块:Css

[ 2017-05-12T15:19:56+08:00 ] 127.0.0.1 /hdd/css/ACT.css
INFO: [ app_init ] --START--
INFO: Run Behavior\BuildLiteBehavior [ RunTime:0.000014s ]
INFO: [ app_init ] --END-- [ RunTime:0.000277s ]
ERR: 无法加载模块:Css

[ 2017-05-12T15:19:56+08:00 ] 127.0.0.1 /hdd/js/ACT.js
INFO: [ app_init ] --START--
INFO: Run Behavior\BuildLiteBehavior [ RunTime:0.000018s ]
INFO: [ app_init ] --END-- [ RunTime:0.000292s ]
ERR: 无法加载模块:Js

[ 2017-05-12T15:19:56+08:00 ] 127.0.0.1 /hdd/image/background.jpg
INFO: [ app_init ] --START--
INFO: Run Behavior\BuildLiteBehavior [ RunTime:0.000017s ]
INFO: [ app_init ] --END-- [ RunTime:0.000381s ]
ERR: 无法加载模块:Image

[ 2017-05-12T15:19:56+08:00 ] 127.0.0.1 /hdd/image/class.png
INFO: [ app_init ] --START--
INFO: Run Behavior\BuildLiteBehavior [ RunTime:0.000030s ]
INFO: [ app_init ] --END-- [ RunTime:0.000283s ]
ERR: 无法加载模块:Image

[ 2017-05-12T15:19:56+08:00 ] 127.0.0.1 /hdd/image/teacher.png
INFO: [ app_init ] --START--
INFO: Run Behavior\BuildLiteBehavior [ RunTime:0.000013s ]
INFO: [ app_init ] --END-- [ RunTime:0.000250s ]
ERR: 无法加载模块:Image

[ 2017-05-12T15:19:56+08:00 ] 127.0.0.1 /hdd/image/time.png
INFO: [ app_init ] --START--
INFO: Run Behavior\BuildLiteBehavior [ RunTime:0.000012s ]
INFO: [ app_init ] --END-- [ RunTime:0.000256s ]
ERR: 无法加载模块:Image

[ 2017-05-12T15:19:56+08:00 ] 127.0.0.1 /hdd/image/calendar.png
INFO: [ app_init ] --START--
INFO: Run Behavior\BuildLiteBehavior [ RunTime:0.000016s ]
INFO: [ app_init ] --END-- [ RunTime:0.005797s ]
ERR: 无法加载模块:Image

[ 2017-05-12T15:19:56+08:00 ] 127.0.0.1 /hdd/image/delete.png
INFO: [ app_init ] --START--
INFO: Run Behavior\BuildLiteBehavior [ RunTime:0.000014s ]
INFO: [ app_init ] --END-- [ RunTime:0.000253s ]
ERR: 无法加载模块:Image

[ 2017-05-12T15:19:56+08:00 ] 127.0.0.1 /hdd/image/location.png
INFO: [ app_init ] --START--
INFO: Run Behavior\BuildLiteBehavior [ RunTime:0.000012s ]
INFO: [ app_init ] --END-- [ RunTime:0.000253s ]
ERR: 无法加载模块:Image

[ 2017-05-12T15:21:30+08:00 ] 127.0.0.1 /hdd/js/ACT.js
INFO: [ app_init ] --START--
INFO: Run Behavior\BuildLiteBehavior [ RunTime:0.000014s ]
INFO: [ app_init ] --END-- [ RunTime:0.000253s ]
ERR: 无法加载模块:Js

[ 2017-05-12T16:09:13+08:00 ] 127.0.0.1 /hdd/undefined
INFO: [ app_init ] --START--
INFO: Run Behavior\BuildLiteBehavior [ RunTime:0.000017s ]
INFO: [ app_init ] --END-- [ RunTime:0.000390s ]
ERR: 无法加载模块:Undefined

[ 2017-05-12T18:01:13+08:00 ] 127.0.0.1 /hdd/Public/weixin/images/ok.png
INFO: [ app_init ] --START--
INFO: Run Behavior\BuildLiteBehavior [ RunTime:0.000013s ]
INFO: [ app_init ] --END-- [ RunTime:0.000264s ]
ERR: 无法加载模块:Public

[ 2017-05-12T18:02:21+08:00 ] 127.0.0.1 /hdd/Public/weixin/images/ok.png
INFO: [ app_init ] --START--
INFO: Run Behavior\BuildLiteBehavior [ RunTime:0.000024s ]
INFO: [ app_init ] --END-- [ RunTime:0.000308s ]
ERR: 无法加载模块:Public

[ 2017-05-12T18:02:29+08:00 ] 127.0.0.1 /hdd/Public/weixin/images/ok.png
INFO: [ app_init ] --START--
INFO: Run Behavior\BuildLiteBehavior [ RunTime:0.000018s ]
INFO: [ app_init ] --END-- [ RunTime:0.000372s ]
ERR: 无法加载模块:Public

[ 2017-05-12T18:44:34+08:00 ] 127.0.0.1 /hdd/undefined
INFO: [ app_init ] --START--
INFO: Run Behavior\BuildLiteBehavior [ RunTime:0.000013s ]
INFO: [ app_init ] --END-- [ RunTime:0.000259s ]
ERR: 无法加载模块:Undefined

[ 2017-05-12T18:44:46+08:00 ] 127.0.0.1 /hdd/undefined
INFO: [ app_init ] --START--
INFO: Run Behavior\BuildLiteBehavior [ RunTime:0.000013s ]
INFO: [ app_init ] --END-- [ RunTime:0.000251s ]
ERR: 无法加载模块:Undefined

[ 2017-05-12T18:54:15+08:00 ] 127.0.0.1 /hdd/undefined
INFO: [ app_init ] --START--
INFO: Run Behavior\BuildLiteBehavior [ RunTime:0.000014s ]
INFO: [ app_init ] --END-- [ RunTime:0.000278s ]
ERR: 无法加载模块:Undefined

[ 2017-05-12T18:58:23+08:00 ] 127.0.0.1 /hdd/undefined
INFO: [ app_init ] --START--
INFO: Run Behavior\BuildLiteBehavior [ RunTime:0.000013s ]
INFO: [ app_init ] --END-- [ RunTime:0.000312s ]
ERR: 无法加载模块:Undefined

[ 2017-05-12T18:58:34+08:00 ] 127.0.0.1 /hdd/undefined
INFO: [ app_init ] --START--
INFO: Run Behavior\BuildLiteBehavior [ RunTime:0.000013s ]
INFO: [ app_init ] --END-- [ RunTime:0.000246s ]
ERR: 无法加载模块:Undefined

[ 2017-05-12T19:04:32+08:00 ] 127.0.0.1 /hdd/undefined
INFO: [ app_init ] --START--
INFO: Run Behavior\BuildLiteBehavior [ RunTime:0.000012s ]
INFO: [ app_init ] --END-- [ RunTime:0.000305s ]
ERR: 无法加载模块:Undefined

[ 2017-05-12T19:04:43+08:00 ] 127.0.0.1 /hdd/undefined
INFO: [ app_init ] --START--
INFO: Run Behavior\BuildLiteBehavior [ RunTime:0.000013s ]
INFO: [ app_init ] --END-- [ RunTime:0.000252s ]
ERR: 无法加载模块:Undefined

[ 2017-05-12T21:56:44+08:00 ] 127.0.0.1 /hdd/undefined
INFO: [ app_init ] --START--
INFO: Run Behavior\BuildLiteBehavior [ RunTime:0.000013s ]
INFO: [ app_init ] --END-- [ RunTime:0.000253s ]
ERR: 无法加载模块:Undefined

[ 2017-05-12T22:02:12+08:00 ] 127.0.0.1 /hdd/Public/assets/layouts/layout/img/celtics.jpg
INFO: [ app_init ] --START--
INFO: Run Behavior\BuildLiteBehavior [ RunTime:0.000032s ]
INFO: [ app_init ] --END-- [ RunTime:0.000313s ]
ERR: 无法加载模块:Public

[ 2017-05-12T22:02:12+08:00 ] 127.0.0.1 /hdd/favicon.ico
INFO: [ app_init ] --START--
INFO: Run Behavior\BuildLiteBehavior [ RunTime:0.000021s ]
INFO: [ app_init ] --END-- [ RunTime:0.000419s ]
ERR: 无法加载模块:Favicon

[ 2017-05-12T22:02:25+08:00 ] 127.0.0.1 /hdd/Public/assets/layouts/layout/img/celtics.jpg
INFO: [ app_init ] --START--
INFO: Run Behavior\BuildLiteBehavior [ RunTime:0.000013s ]
INFO: [ app_init ] --END-- [ RunTime:0.000245s ]
ERR: 无法加载模块:Public

[ 2017-05-12T22:05:55+08:00 ] 127.0.0.1 /hdd/Public/assets/layouts/layout/img/celtics.jpg
INFO: [ app_init ] --START--
INFO: Run Behavior\BuildLiteBehavior [ RunTime:0.000012s ]
INFO: [ app_init ] --END-- [ RunTime:0.000280s ]
ERR: 无法加载模块:Public

[ 2017-05-12T22:07:37+08:00 ] 127.0.0.1 /hdd/Public/assets/layouts/layout/img/celtics.jpg
INFO: [ app_init ] --START--
INFO: Run Behavior\BuildLiteBehavior [ RunTime:0.000015s ]
INFO: [ app_init ] --END-- [ RunTime:0.000291s ]
ERR: 无法加载模块:Public

[ 2017-05-12T22:07:39+08:00 ] 127.0.0.1 /hdd/Public/assets/layouts/layout/img/celtics.jpg
INFO: [ app_init ] --START--
INFO: Run Behavior\BuildLiteBehavior [ RunTime:0.000014s ]
INFO: [ app_init ] --END-- [ RunTime:0.000260s ]
ERR: 无法加载模块:Public

[ 2017-05-12T22:07:40+08:00 ] 127.0.0.1 /hdd/Public/assets/layouts/layout/img/celtics.jpg
INFO: [ app_init ] --START--
INFO: Run Behavior\BuildLiteBehavior [ RunTime:0.000013s ]
INFO: [ app_init ] --END-- [ RunTime:0.000248s ]
ERR: 无法加载模块:Public

[ 2017-05-12T22:07:42+08:00 ] 127.0.0.1 /hdd/Public/assets/layouts/layout/img/celtics.jpg
INFO: [ app_init ] --START--
INFO: Run Behavior\BuildLiteBehavior [ RunTime:0.000013s ]
INFO: [ app_init ] --END-- [ RunTime:0.000274s ]
ERR: 无法加载模块:Public

[ 2017-05-12T22:07:44+08:00 ] 127.0.0.1 /hdd/Public/assets/layouts/layout/img/celtics.jpg
INFO: [ app_init ] --START--
INFO: Run Behavior\BuildLiteBehavior [ RunTime:0.000013s ]
INFO: [ app_init ] --END-- [ RunTime:0.000251s ]
ERR: 无法加载模块:Public

[ 2017-05-12T22:08:10+08:00 ] 127.0.0.1 /hdd/Public/assets/layouts/layout/img/celtics.jpg
INFO: [ app_init ] --START--
INFO: Run Behavior\BuildLiteBehavior [ RunTime:0.000018s ]
INFO: [ app_init ] --END-- [ RunTime:0.000268s ]
ERR: 无法加载模块:Public

[ 2017-05-12T22:08:11+08:00 ] 127.0.0.1 /hdd/Public/assets/layouts/layout/img/celtics.jpg
INFO: [ app_init ] --START--
INFO: Run Behavior\BuildLiteBehavior [ RunTime:0.000012s ]
INFO: [ app_init ] --END-- [ RunTime:0.000250s ]
ERR: 无法加载模块:Public

[ 2017-05-12T22:08:11+08:00 ] 127.0.0.1 /hdd/Public/assets/layouts/layout/img/celtics.jpg
INFO: [ app_init ] --START--
INFO: Run Behavior\BuildLiteBehavior [ RunTime:0.000012s ]
INFO: [ app_init ] --END-- [ RunTime:0.000249s ]
ERR: 无法加载模块:Public

[ 2017-05-12T22:08:12+08:00 ] 127.0.0.1 /hdd/Public/assets/layouts/layout/img/celtics.jpg
INFO: [ app_init ] --START--
INFO: Run Behavior\BuildLiteBehavior [ RunTime:0.000012s ]
INFO: [ app_init ] --END-- [ RunTime:0.000258s ]
ERR: 无法加载模块:Public

[ 2017-05-12T22:08:14+08:00 ] 127.0.0.1 /hdd/Public/assets/layouts/layout/img/celtics.jpg
INFO: [ app_init ] --START--
INFO: Run Behavior\BuildLiteBehavior [ RunTime:0.000015s ]
INFO: [ app_init ] --END-- [ RunTime:0.000270s ]
ERR: 无法加载模块:Public

[ 2017-05-12T22:08:34+08:00 ] 127.0.0.1 /hdd/Public/assets/layouts/layout/img/celtics.jpg
INFO: [ app_init ] --START--
INFO: Run Behavior\BuildLiteBehavior [ RunTime:0.000016s ]
INFO: [ app_init ] --END-- [ RunTime:0.000279s ]
ERR: 无法加载模块:Public

[ 2017-05-12T22:08:35+08:00 ] 127.0.0.1 /hdd/Public/assets/layouts/layout/img/celtics.jpg
INFO: [ app_init ] --START--
INFO: Run Behavior\BuildLiteBehavior [ RunTime:0.000017s ]
INFO: [ app_init ] --END-- [ RunTime:0.003327s ]
ERR: 无法加载模块:Public

[ 2017-05-12T22:08:35+08:00 ] 127.0.0.1 /hdd/Public/assets/layouts/layout/img/celtics.jpg
INFO: [ app_init ] --START--
INFO: Run Behavior\BuildLiteBehavior [ RunTime:0.000012s ]
INFO: [ app_init ] --END-- [ RunTime:0.000248s ]
ERR: 无法加载模块:Public

[ 2017-05-12T22:08:36+08:00 ] 127.0.0.1 /hdd/Public/assets/layouts/layout/img/celtics.jpg
INFO: [ app_init ] --START--
INFO: Run Behavior\BuildLiteBehavior [ RunTime:0.000013s ]
INFO: [ app_init ] --END-- [ RunTime:0.000257s ]
ERR: 无法加载模块:Public

[ 2017-05-12T22:08:37+08:00 ] 127.0.0.1 /hdd/Public/assets/layouts/layout/img/celtics.jpg
INFO: [ app_init ] --START--
INFO: Run Behavior\BuildLiteBehavior [ RunTime:0.000011s ]
INFO: [ app_init ] --END-- [ RunTime:0.000238s ]
ERR: 无法加载模块:Public

[ 2017-05-12T22:08:37+08:00 ] 127.0.0.1 /hdd/Public/assets/layouts/layout/img/celtics.jpg
INFO: [ app_init ] --START--
INFO: Run Behavior\BuildLiteBehavior [ RunTime:0.000014s ]
INFO: [ app_init ] --END-- [ RunTime:0.000268s ]
ERR: 无法加载模块:Public

[ 2017-05-12T22:09:33+08:00 ] 127.0.0.1 /hdd/Public/assets/layouts/layout/img/celtics.jpg
INFO: [ app_init ] --START--
INFO: Run Behavior\BuildLiteBehavior [ RunTime:0.000012s ]
INFO: [ app_init ] --END-- [ RunTime:0.000245s ]
ERR: 无法加载模块:Public

[ 2017-05-12T22:09:56+08:00 ] 127.0.0.1 /hdd/Public/assets/layouts/layout/img/celtics.jpg
INFO: [ app_init ] --START--
INFO: Run Behavior\BuildLiteBehavior [ RunTime:0.000011s ]
INFO: [ app_init ] --END-- [ RunTime:0.000243s ]
ERR: 无法加载模块:Public

[ 2017-05-12T22:10:01+08:00 ] 127.0.0.1 /hdd/Public/assets/layouts/layout/img/celtics.jpg
INFO: [ app_init ] --START--
INFO: Run Behavior\BuildLiteBehavior [ RunTime:0.000013s ]
INFO: [ app_init ] --END-- [ RunTime:0.000259s ]
ERR: 无法加载模块:Public

[ 2017-05-12T22:10:04+08:00 ] 127.0.0.1 /hdd/Public/assets/layouts/layout/img/celtics.jpg
INFO: [ app_init ] --START--
INFO: Run Behavior\BuildLiteBehavior [ RunTime:0.000027s ]
INFO: [ app_init ] --END-- [ RunTime:0.000253s ]
ERR: 无法加载模块:Public

[ 2017-05-12T22:10:09+08:00 ] 127.0.0.1 /hdd/Public/assets/layouts/layout/img/celtics.jpg
INFO: [ app_init ] --START--
INFO: Run Behavior\BuildLiteBehavior [ RunTime:0.000021s ]
INFO: [ app_init ] --END-- [ RunTime:0.000408s ]
ERR: 无法加载模块:Public

[ 2017-05-12T22:10:57+08:00 ] 127.0.0.1 /hdd/Public/assets/layouts/layout/img/celtics.jpg
INFO: [ app_init ] --START--
INFO: Run Behavior\BuildLiteBehavior [ RunTime:0.000012s ]
INFO: [ app_init ] --END-- [ RunTime:0.000257s ]
ERR: 无法加载模块:Public

[ 2017-05-12T22:11:45+08:00 ] 127.0.0.1 /hdd/Public/assets/layouts/layout/img/celtics.jpg
INFO: [ app_init ] --START--
INFO: Run Behavior\BuildLiteBehavior [ RunTime:0.000020s ]
INFO: [ app_init ] --END-- [ RunTime:0.000378s ]
ERR: 无法加载模块:Public

[ 2017-05-12T22:12:30+08:00 ] 127.0.0.1 /hdd/Public/assets/layouts/layout/img/celtics.jpg
INFO: [ app_init ] --START--
INFO: Run Behavior\BuildLiteBehavior [ RunTime:0.000012s ]
INFO: [ app_init ] --END-- [ RunTime:0.000240s ]
ERR: 无法加载模块:Public

[ 2017-05-12T22:14:46+08:00 ] 127.0.0.1 /hdd/Public/assets/layouts/layout/img/celtics.jpg
INFO: [ app_init ] --START--
INFO: Run Behavior\BuildLiteBehavior [ RunTime:0.000016s ]
INFO: [ app_init ] --END-- [ RunTime:0.000354s ]
ERR: 无法加载模块:Public

