[ 2017-05-10T16:55:39+08:00 ] 127.0.0.1 /hdd/undefined
INFO: [ app_init ] --START--
INFO: Run Behavior\BuildLiteBehavior [ RunTime:0.000011s ]
INFO: [ app_init ] --END-- [ RunTime:0.000267s ]
ERR: 无法加载模块:Undefined

[ 2017-05-10T19:43:49+08:00 ] 127.0.0.1 /hdd/Public/weixin/css/sign-in-style.css
INFO: [ app_init ] --START--
INFO: Run Behavior\BuildLiteBehavior [ RunTime:0.000028s ]
INFO: [ app_init ] --END-- [ RunTime:0.000262s ]
ERR: 无法加载模块:Public

[ 2017-05-10T19:44:12+08:00 ] 127.0.0.1 /hdd/Public/weixin/css/sign-in-style.css
INFO: [ app_init ] --START--
INFO: Run Behavior\BuildLiteBehavior [ RunTime:0.000012s ]
INFO: [ app_init ] --END-- [ RunTime:0.000248s ]
ERR: 无法加载模块:Public

[ 2017-05-10T19:44:26+08:00 ] 127.0.0.1 /hdd/Public/weixin/css/sign-in-style.css
INFO: [ app_init ] --START--
INFO: Run Behavior\BuildLiteBehavior [ RunTime:0.000011s ]
INFO: [ app_init ] --END-- [ RunTime:0.000238s ]
ERR: 无法加载模块:Public

